<?xml version="1.0" encoding="UTF-8"?>
<!-- Generated by org.testng.reporters.JUnitXMLReporter -->
<testsuite hostname="LAPTOP-IMEG7P62" name="Command line test" tests="3" failures="0" timestamp="11 Aug 2021 14:08:16 GMT" time="9.465" errors="0">
  <testcase name="validateGetLatestLaunchAPI" time="4.154" classname="testSuite.latestLaunchesTest"/>
  <testcase name="validateLatestLaunch" time="1.977" classname="testSuite.latestLaunchesTest"/>
  <testcase name="validateLatestLaunchShipDetails" time="3.289" classname="testSuite.latestLaunchesTest"/>
</testsuite> <!-- Command line test -->
