<?xml version="1.0" encoding="UTF-8"?>
<testng-results skipped="0" failed="0" total="3" passed="3">
  <reporter-output>
  </reporter-output>
  <suite name="testSuite.latestLaunchesTest" duration-ms="9465" started-at="2021-08-11T14:08:06Z" finished-at="2021-08-11T14:08:16Z">
    <groups>
      <group name="testTag">
        <method signature="latestLaunchesTest.validateGetLatestLaunchAPI()[pri:0, instance:testSuite.latestLaunchesTest@cd8737]" name="validateGetLatestLaunchAPI" class="testSuite.latestLaunchesTest"/>
        <method signature="latestLaunchesTest.validateLatestLaunch()[pri:0, instance:testSuite.latestLaunchesTest@cd8737]" name="validateLatestLaunch" class="testSuite.latestLaunchesTest"/>
        <method signature="latestLaunchesTest.validateLatestLaunchShipDetails()[pri:0, instance:testSuite.latestLaunchesTest@cd8737]" name="validateLatestLaunchShipDetails" class="testSuite.latestLaunchesTest"/>
      </group> <!-- testTag -->
    </groups>
    <test name="Command line test" duration-ms="9465" started-at="2021-08-11T14:08:06Z" finished-at="2021-08-11T14:08:16Z">
      <class name="testSuite.latestLaunchesTest">
        <test-method status="PASS" signature="testSetup()[pri:0, instance:testSuite.latestLaunchesTest@cd8737]" name="testSetup" is-config="true" duration-ms="37" started-at="2021-08-11T19:38:06Z" finished-at="2021-08-11T19:38:06Z">
          <reporter-output>
          </reporter-output>
        </test-method> <!-- testSetup -->
        <test-method status="PASS" signature="validateGetLatestLaunchAPI()[pri:0, instance:testSuite.latestLaunchesTest@cd8737]" name="validateGetLatestLaunchAPI" duration-ms="4154" started-at="2021-08-11T19:38:06Z" description="Verify get latest launch api response headers, status code etc " finished-at="2021-08-11T19:38:10Z">
          <reporter-output>
          </reporter-output>
        </test-method> <!-- validateGetLatestLaunchAPI -->
        <test-method status="PASS" signature="validateLatestLaunch()[pri:0, instance:testSuite.latestLaunchesTest@cd8737]" name="validateLatestLaunch" duration-ms="1977" started-at="2021-08-11T19:38:10Z" description="Verify latest SpaceX launch details can be fetched with all details." finished-at="2021-08-11T19:38:12Z">
          <reporter-output>
          </reporter-output>
        </test-method> <!-- validateLatestLaunch -->
        <test-method status="PASS" signature="validateLatestLaunchShipDetails()[pri:0, instance:testSuite.latestLaunchesTest@cd8737]" name="validateLatestLaunchShipDetails" duration-ms="3289" started-at="2021-08-11T19:38:12Z" description="Verify latest SpaceX launch&#039;s ship details are as expected." finished-at="2021-08-11T19:38:16Z">
          <reporter-output>
          </reporter-output>
        </test-method> <!-- validateLatestLaunchShipDetails -->
      </class> <!-- testSuite.latestLaunchesTest -->
    </test> <!-- Command line test -->
  </suite> <!-- testSuite.latestLaunchesTest -->
</testng-results>
